----------------------------------------------------------------------------------------------------------------------------------------------------------------------------------
      name:  <unnamed>
       log:  C:\Users\Admin\Documents\obesity-elevation\Data\Mines\create_MinesCtyYr.log
  log type:  text
 opened on:   3 Jun 2022, 13:34:20

. 
. set maxvar 32000


. 
. 
. *--------------------------------------------------
. * import data from Dept of Homeland Security
. * accessed from https://hifld-geoplatform.opendata.arcgis.com/datasets/mines-and-mineral-resources/explore?location=43.220190%2C-115.670562%2C4.20&showTable=true on 30 Nov 2021
. * If you open this in Excel before importing, it will mess up the dates
. *--------------------------------------------------
. insheet using "Mines_and_Mineral_Resources.csv", comma clear
(56 vars, 2,996 obs)

. 
. 
. *--------------------------------------------------
. * Data cleaning
. *--------------------------------------------------
. 
. * format date of mine date (most obs have identical contdate and geodate)
. gen contdateprime1 = subinstr(contdate,"+00","",.)

. gen contdateprime  = Clock(contdateprime1,"YMDhms")

. format contdateprime %tC

. drop contdateprime1

. 
. * format state and county FIPS
. rename  state  stateabb

. rename  county countyname

. generat state  = round(fips/1000)

. generat county = fips - state*1000

. 
. log close
      name:  <unnamed>
       log:  C:\Users\Admin\Documents\obesity-elevation\Data\Mines\create_MinesCtyYr.log
  log type:  text
 closed on:   3 Jun 2022, 13:34:20
----------------------------------------------------------------------------------------------------------------------------------------------------------------------------------
